2019-06-25 14:09:21.054  INFO 6008 --- [restartedMain] com.CcApplication                        : Starting CcApplication on WIN-JDOPIOPKF8K with PID 6008 (D:\c-cc\m-cc\target\classes started by Huynh in D:\c-cc\m-cc)
2019-06-25 14:09:21.056  INFO 6008 --- [restartedMain] com.CcApplication                        : No active profile set, falling back to default profiles: default
2019-06-25 14:09:22.235  INFO 6008 --- [restartedMain] ationConfigEmbeddedWebApplicationContext : Refreshing org.springframework.boot.context.embedded.AnnotationConfigEmbeddedWebApplicationContext@9db8a0f: startup date [Tue Jun 25 14:09:22 JST 2019]; root of context hierarchy
2019-06-25 14:09:28.720  INFO 6008 --- [restartedMain] s.b.c.e.t.TomcatEmbeddedServletContainer : Tomcat initialized with port(s): 8080 (http)
2019-06-25 14:09:28.736  INFO 6008 --- [restartedMain] o.apache.catalina.core.StandardService   : Starting service [Tomcat]
2019-06-25 14:09:28.737  INFO 6008 --- [restartedMain] org.apache.catalina.core.StandardEngine  : Starting Servlet Engine: Apache Tomcat/8.5.27
2019-06-25 14:09:28.865  INFO 6008 --- [localhost-startStop-1] o.a.c.c.C.[Tomcat].[localhost].[/]       : Initializing Spring embedded WebApplicationContext
2019-06-25 14:09:28.866  INFO 6008 --- [localhost-startStop-1] o.s.web.context.ContextLoader            : Root WebApplicationContext: initialization completed in 6631 ms
2019-06-25 14:09:29.147  INFO 6008 --- [localhost-startStop-1] o.s.b.w.servlet.ServletRegistrationBean  : Mapping servlet: 'dispatcherServlet' to [/]
2019-06-25 14:09:29.153  INFO 6008 --- [localhost-startStop-1] o.s.b.w.servlet.FilterRegistrationBean   : Mapping filter: 'characterEncodingFilter' to: [/*]
2019-06-25 14:09:29.154  INFO 6008 --- [localhost-startStop-1] o.s.b.w.servlet.FilterRegistrationBean   : Mapping filter: 'hiddenHttpMethodFilter' to: [/*]
2019-06-25 14:09:29.154  INFO 6008 --- [localhost-startStop-1] o.s.b.w.servlet.FilterRegistrationBean   : Mapping filter: 'httpPutFormContentFilter' to: [/*]
2019-06-25 14:09:29.154  INFO 6008 --- [localhost-startStop-1] o.s.b.w.servlet.FilterRegistrationBean   : Mapping filter: 'requestContextFilter' to: [/*]
2019-06-25 14:09:31.294  INFO 6008 --- [restartedMain] s.w.s.m.m.a.RequestMappingHandlerAdapter : Looking for @ControllerAdvice: org.springframework.boot.context.embedded.AnnotationConfigEmbeddedWebApplicationContext@9db8a0f: startup date [Tue Jun 25 14:09:22 JST 2019]; root of context hierarchy
2019-06-25 14:09:31.376  INFO 6008 --- [restartedMain] s.w.s.m.m.a.RequestMappingHandlerMapping : Mapped "{[/file/init],methods=[GET]}" onto public org.springframework.web.servlet.ModelAndView com.controller.FileController.go()
2019-06-25 14:09:31.379  INFO 6008 --- [restartedMain] s.w.s.m.m.a.RequestMappingHandlerMapping : Mapped "{[/file/fileUpload],methods=[POST]}" onto public com.utils.AjaxJson com.controller.FileController.fileUpload(org.springframework.web.multipart.MultipartFile[],javax.servlet.http.HttpSession)
2019-06-25 14:09:31.408  INFO 6008 --- [restartedMain] s.w.s.m.m.a.RequestMappingHandlerMapping : Mapped "{[/file/getInfo],methods=[GET]}" onto public com.utils.AjaxJson com.controller.FileController.getInfoFile(javax.servlet.http.HttpServletRequest)
2019-06-25 14:09:31.413  INFO 6008 --- [restartedMain] s.w.s.m.m.a.RequestMappingHandlerMapping : Mapped "{[/login/index],methods=[GET]}" onto public org.springframework.web.servlet.ModelAndView com.controller.LoginController.index()
2019-06-25 14:09:31.413  INFO 6008 --- [restartedMain] s.w.s.m.m.a.RequestMappingHandlerMapping : Mapped "{[/login/register],methods=[GET]}" onto public org.springframework.web.servlet.ModelAndView com.controller.LoginController.register()
2019-06-25 14:09:31.414  INFO 6008 --- [restartedMain] s.w.s.m.m.a.RequestMappingHandlerMapping : Mapped "{[/login/registered],methods=[POST]}" onto public com.utils.AjaxJson com.controller.LoginController.registered(java.lang.String,java.lang.String,java.lang.String,javax.servlet.http.HttpSession)
2019-06-25 14:09:31.415  INFO 6008 --- [restartedMain] s.w.s.m.m.a.RequestMappingHandlerMapping : Mapped "{[/login/getEmail],methods=[POST]}" onto public void com.controller.LoginController.getEmail(java.lang.String,javax.servlet.http.HttpSession)
2019-06-25 14:09:31.415  INFO 6008 --- [restartedMain] s.w.s.m.m.a.RequestMappingHandlerMapping : Mapped "{[/login/showInfo],methods=[GET]}" onto public com.db.tables.pojos.MUsers com.controller.LoginController.showInfo(javax.servlet.http.HttpSession)
2019-06-25 14:09:31.416  INFO 6008 --- [restartedMain] s.w.s.m.m.a.RequestMappingHandlerMapping : Mapped "{[/login/loginSubmit],methods=[POST]}" onto public com.utils.AjaxJson com.controller.LoginController.loginFlg(java.lang.String,java.lang.String,javax.servlet.http.HttpSession)
2019-06-25 14:09:31.416  INFO 6008 --- [restartedMain] s.w.s.m.m.a.RequestMappingHandlerMapping : Mapped "{[/login/success],methods=[GET]}" onto public org.springframework.web.servlet.ModelAndView com.controller.LoginController.success()
2019-06-25 14:09:31.418  INFO 6008 --- [restartedMain] s.w.s.m.m.a.RequestMappingHandlerMapping : Mapped "{[/page/getInfo],methods=[GET]}" onto public com.utils.AjaxJson com.controller.PageController.getInfo(int,int)
2019-06-25 14:09:31.419  INFO 6008 --- [restartedMain] s.w.s.m.m.a.RequestMappingHandlerMapping : Mapped "{[/page/goPage],methods=[GET]}" onto public org.springframework.web.servlet.ModelAndView com.controller.PageController.goPage()
2019-06-25 14:09:31.422  INFO 6008 --- [restartedMain] s.w.s.m.m.a.RequestMappingHandlerMapping : Mapped "{[/index11],methods=[GET]}" onto public int com.controller.TestController.count()
2019-06-25 14:09:31.423  INFO 6008 --- [restartedMain] s.w.s.m.m.a.RequestMappingHandlerMapping : Mapped "{[/index21],methods=[GET]}" onto public java.lang.String com.controller.TestController.test()
2019-06-25 14:09:31.423  INFO 6008 --- [restartedMain] s.w.s.m.m.a.RequestMappingHandlerMapping : Mapped "{[/index4],methods=[GET]}" onto public com.db.tables.pojos.MUsers com.controller.TestController.test4()
2019-06-25 14:09:31.424  INFO 6008 --- [restartedMain] s.w.s.m.m.a.RequestMappingHandlerMapping : Mapped "{[/index31],methods=[GET]}" onto public org.springframework.web.servlet.ModelAndView com.controller.TestController.test3()
2019-06-25 14:09:31.427  INFO 6008 --- [restartedMain] s.w.s.m.m.a.RequestMappingHandlerMapping : Mapped "{[/error]}" onto public org.springframework.http.ResponseEntity<java.util.Map<java.lang.String, java.lang.Object>> org.springframework.boot.autoconfigure.web.BasicErrorController.error(javax.servlet.http.HttpServletRequest)
2019-06-25 14:09:31.428  INFO 6008 --- [restartedMain] s.w.s.m.m.a.RequestMappingHandlerMapping : Mapped "{[/error],produces=[text/html]}" onto public org.springframework.web.servlet.ModelAndView org.springframework.boot.autoconfigure.web.BasicErrorController.errorHtml(javax.servlet.http.HttpServletRequest,javax.servlet.http.HttpServletResponse)
2019-06-25 14:09:31.479  INFO 6008 --- [restartedMain] o.s.w.s.handler.SimpleUrlHandlerMapping  : Mapped URL path [/pic/**] onto handler of type [class org.springframework.web.servlet.resource.ResourceHttpRequestHandler]
2019-06-25 14:09:31.479  INFO 6008 --- [restartedMain] o.s.w.s.handler.SimpleUrlHandlerMapping  : Mapped URL path [/webjars/**] onto handler of type [class org.springframework.web.servlet.resource.ResourceHttpRequestHandler]
2019-06-25 14:09:31.480  INFO 6008 --- [restartedMain] o.s.w.s.handler.SimpleUrlHandlerMapping  : Mapped URL path [/**] onto handler of type [class org.springframework.web.servlet.resource.ResourceHttpRequestHandler]
2019-06-25 14:09:31.540  INFO 6008 --- [restartedMain] o.s.w.s.handler.SimpleUrlHandlerMapping  : Mapped URL path [/**/favicon.ico] onto handler of type [class org.springframework.web.servlet.resource.ResourceHttpRequestHandler]
2019-06-25 14:09:31.636  INFO 6008 --- [restartedMain] oConfiguration$WelcomePageHandlerMapping : Adding welcome page: class path resource [static/index.html]
2019-06-25 14:09:31.846  INFO 6008 --- [restartedMain] o.s.w.s.v.f.FreeMarkerConfigurer         : ClassTemplateLoader for Spring macros added to FreeMarker configuration
2019-06-25 14:09:32.102  INFO 6008 --- [restartedMain] o.s.b.d.a.OptionalLiveReloadServer       : LiveReload server is running on port 35729
2019-06-25 14:09:32.232  INFO 6008 --- [restartedMain] o.s.j.e.a.AnnotationMBeanExporter        : Registering beans for JMX exposure on startup
2019-06-25 14:09:32.313  INFO 6008 --- [restartedMain] s.b.c.e.t.TomcatEmbeddedServletContainer : Tomcat started on port(s): 8080 (http)
2019-06-25 14:09:32.325  INFO 6008 --- [restartedMain] com.CcApplication                        : Started CcApplication in 12.139 seconds (JVM running for 13.89)
2019-06-25 14:09:38.415  INFO 6008 --- [http-nio-8080-exec-1] o.a.c.c.C.[Tomcat].[localhost].[/]       : Initializing Spring FrameworkServlet 'dispatcherServlet'
2019-06-25 14:09:38.416  INFO 6008 --- [http-nio-8080-exec-1] o.s.web.servlet.DispatcherServlet        : FrameworkServlet 'dispatcherServlet': initialization started
2019-06-25 14:09:38.457  INFO 6008 --- [http-nio-8080-exec-1] o.s.web.servlet.DispatcherServlet        : FrameworkServlet 'dispatcherServlet': initialization completed in 40 ms
2019-06-25 14:09:51.298  INFO 6008 --- [Thread-24] ationConfigEmbeddedWebApplicationContext : Closing org.springframework.boot.context.embedded.AnnotationConfigEmbeddedWebApplicationContext@9db8a0f: startup date [Tue Jun 25 14:09:22 JST 2019]; root of context hierarchy
2019-06-25 14:09:51.302  INFO 6008 --- [Thread-24] o.s.j.e.a.AnnotationMBeanExporter        : Unregistering JMX-exposed beans on shutdown
2019-06-25 14:09:53.761  INFO 6008 --- [restartedMain] com.CcApplication                        : Starting CcApplication on WIN-JDOPIOPKF8K with PID 6008 (D:\c-cc\m-cc\target\classes started by Huynh in D:\c-cc\m-cc)
2019-06-25 14:09:53.761  INFO 6008 --- [restartedMain] com.CcApplication                        : No active profile set, falling back to default profiles: default
2019-06-25 14:09:53.765  INFO 6008 --- [restartedMain] ationConfigEmbeddedWebApplicationContext : Refreshing org.springframework.boot.context.embedded.AnnotationConfigEmbeddedWebApplicationContext@468d123d: startup date [Tue Jun 25 14:09:53 JST 2019]; root of context hierarchy
2019-06-25 14:09:55.945  INFO 6008 --- [restartedMain] s.b.c.e.t.TomcatEmbeddedServletContainer : Tomcat initialized with port(s): 8080 (http)
2019-06-25 14:09:55.946  INFO 6008 --- [restartedMain] o.apache.catalina.core.StandardService   : Starting service [Tomcat]
2019-06-25 14:09:55.950  INFO 6008 --- [restartedMain] org.apache.catalina.core.StandardEngine  : Starting Servlet Engine: Apache Tomcat/8.5.27
2019-06-25 14:09:55.983  INFO 6008 --- [localhost-startStop-1] o.a.c.c.C.[Tomcat].[localhost].[/]       : Initializing Spring embedded WebApplicationContext
2019-06-25 14:09:55.985  INFO 6008 --- [localhost-startStop-1] o.s.web.context.ContextLoader            : Root WebApplicationContext: initialization completed in 2220 ms
2019-06-25 14:09:56.113  INFO 6008 --- [localhost-startStop-1] o.s.b.w.servlet.ServletRegistrationBean  : Mapping servlet: 'dispatcherServlet' to [/]
2019-06-25 14:09:56.113  INFO 6008 --- [localhost-startStop-1] o.s.b.w.servlet.FilterRegistrationBean   : Mapping filter: 'characterEncodingFilter' to: [/*]
2019-06-25 14:09:56.114  INFO 6008 --- [localhost-startStop-1] o.s.b.w.servlet.FilterRegistrationBean   : Mapping filter: 'hiddenHttpMethodFilter' to: [/*]
2019-06-25 14:09:56.114  INFO 6008 --- [localhost-startStop-1] o.s.b.w.servlet.FilterRegistrationBean   : Mapping filter: 'httpPutFormContentFilter' to: [/*]
2019-06-25 14:09:56.114  INFO 6008 --- [localhost-startStop-1] o.s.b.w.servlet.FilterRegistrationBean   : Mapping filter: 'requestContextFilter' to: [/*]
2019-06-25 14:09:57.562  INFO 6008 --- [restartedMain] s.w.s.m.m.a.RequestMappingHandlerAdapter : Looking for @ControllerAdvice: org.springframework.boot.context.embedded.AnnotationConfigEmbeddedWebApplicationContext@468d123d: startup date [Tue Jun 25 14:09:53 JST 2019]; root of context hierarchy
2019-06-25 14:09:57.580  INFO 6008 --- [restartedMain] s.w.s.m.m.a.RequestMappingHandlerMapping : Mapped "{[/file/init],methods=[GET]}" onto public org.springframework.web.servlet.ModelAndView com.controller.FileController.go()
2019-06-25 14:09:57.581  INFO 6008 --- [restartedMain] s.w.s.m.m.a.RequestMappingHandlerMapping : Mapped "{[/file/fileUpload],methods=[POST]}" onto public com.utils.AjaxJson com.controller.FileController.fileUpload(org.springframework.web.multipart.MultipartFile[],javax.servlet.http.HttpSession)
2019-06-25 14:09:57.582  INFO 6008 --- [restartedMain] s.w.s.m.m.a.RequestMappingHandlerMapping : Mapped "{[/file/getInfo],methods=[GET]}" onto public com.utils.AjaxJson com.controller.FileController.getInfoFile(javax.servlet.http.HttpServletRequest)
2019-06-25 14:09:57.584  INFO 6008 --- [restartedMain] s.w.s.m.m.a.RequestMappingHandlerMapping : Mapped "{[/login/index],methods=[GET]}" onto public org.springframework.web.servlet.ModelAndView com.controller.LoginController.index()
2019-06-25 14:09:57.585  INFO 6008 --- [restartedMain] s.w.s.m.m.a.RequestMappingHandlerMapping : Mapped "{[/login/register],methods=[GET]}" onto public org.springframework.web.servlet.ModelAndView com.controller.LoginController.register()
2019-06-25 14:09:57.586  INFO 6008 --- [restartedMain] s.w.s.m.m.a.RequestMappingHandlerMapping : Mapped "{[/login/registered],methods=[POST]}" onto public com.utils.AjaxJson com.controller.LoginController.registered(java.lang.String,java.lang.String,java.lang.String,javax.servlet.http.HttpSession)
2019-06-25 14:09:57.587  INFO 6008 --- [restartedMain] s.w.s.m.m.a.RequestMappingHandlerMapping : Mapped "{[/login/getEmail],methods=[POST]}" onto public void com.controller.LoginController.getEmail(java.lang.String,javax.servlet.http.HttpSession)
2019-06-25 14:09:57.587  INFO 6008 --- [restartedMain] s.w.s.m.m.a.RequestMappingHandlerMapping : Mapped "{[/login/showInfo],methods=[GET]}" onto public com.db.tables.pojos.MUsers com.controller.LoginController.showInfo(javax.servlet.http.HttpSession)
2019-06-25 14:09:57.588  INFO 6008 --- [restartedMain] s.w.s.m.m.a.RequestMappingHandlerMapping : Mapped "{[/login/loginSubmit],methods=[POST]}" onto public com.utils.AjaxJson com.controller.LoginController.loginFlg(java.lang.String,java.lang.String,javax.servlet.http.HttpSession)
2019-06-25 14:09:57.588  INFO 6008 --- [restartedMain] s.w.s.m.m.a.RequestMappingHandlerMapping : Mapped "{[/login/success],methods=[GET]}" onto public org.springframework.web.servlet.ModelAndView com.controller.LoginController.success()
2019-06-25 14:09:57.590  INFO 6008 --- [restartedMain] s.w.s.m.m.a.RequestMappingHandlerMapping : Mapped "{[/page/getInfo],methods=[GET]}" onto public com.utils.AjaxJson com.controller.PageController.getInfo(int,int)
2019-06-25 14:09:57.590  INFO 6008 --- [restartedMain] s.w.s.m.m.a.RequestMappingHandlerMapping : Mapped "{[/page/goPage],methods=[GET]}" onto public org.springframework.web.servlet.ModelAndView com.controller.PageController.goPage()
2019-06-25 14:09:57.591  INFO 6008 --- [restartedMain] s.w.s.m.m.a.RequestMappingHandlerMapping : Mapped "{[/index11],methods=[GET]}" onto public int com.controller.TestController.count()
2019-06-25 14:09:57.592  INFO 6008 --- [restartedMain] s.w.s.m.m.a.RequestMappingHandlerMapping : Mapped "{[/index21],methods=[GET]}" onto public java.lang.String com.controller.TestController.test()
2019-06-25 14:09:57.592  INFO 6008 --- [restartedMain] s.w.s.m.m.a.RequestMappingHandlerMapping : Mapped "{[/index4],methods=[GET]}" onto public com.db.tables.pojos.MUsers com.controller.TestController.test4()
2019-06-25 14:09:57.593  INFO 6008 --- [restartedMain] s.w.s.m.m.a.RequestMappingHandlerMapping : Mapped "{[/index31],methods=[GET]}" onto public org.springframework.web.servlet.ModelAndView com.controller.TestController.test3()
2019-06-25 14:09:57.596  INFO 6008 --- [restartedMain] s.w.s.m.m.a.RequestMappingHandlerMapping : Mapped "{[/error]}" onto public org.springframework.http.ResponseEntity<java.util.Map<java.lang.String, java.lang.Object>> org.springframework.boot.autoconfigure.web.BasicErrorController.error(javax.servlet.http.HttpServletRequest)
2019-06-25 14:09:57.597  INFO 6008 --- [restartedMain] s.w.s.m.m.a.RequestMappingHandlerMapping : Mapped "{[/error],produces=[text/html]}" onto public org.springframework.web.servlet.ModelAndView org.springframework.boot.autoconfigure.web.BasicErrorController.errorHtml(javax.servlet.http.HttpServletRequest,javax.servlet.http.HttpServletResponse)
2019-06-25 14:09:57.617  INFO 6008 --- [restartedMain] o.s.w.s.handler.SimpleUrlHandlerMapping  : Mapped URL path [/pic/**] onto handler of type [class org.springframework.web.servlet.resource.ResourceHttpRequestHandler]
2019-06-25 14:09:57.617  INFO 6008 --- [restartedMain] o.s.w.s.handler.SimpleUrlHandlerMapping  : Mapped URL path [/webjars/**] onto handler of type [class org.springframework.web.servlet.resource.ResourceHttpRequestHandler]
2019-06-25 14:09:57.618  INFO 6008 --- [restartedMain] o.s.w.s.handler.SimpleUrlHandlerMapping  : Mapped URL path [/**] onto handler of type [class org.springframework.web.servlet.resource.ResourceHttpRequestHandler]
2019-06-25 14:09:57.644  INFO 6008 --- [restartedMain] o.s.w.s.handler.SimpleUrlHandlerMapping  : Mapped URL path [/**/favicon.ico] onto handler of type [class org.springframework.web.servlet.resource.ResourceHttpRequestHandler]
2019-06-25 14:09:57.694  INFO 6008 --- [restartedMain] oConfiguration$WelcomePageHandlerMapping : Adding welcome page: class path resource [static/index.html]
2019-06-25 14:09:57.728  INFO 6008 --- [restartedMain] o.s.w.s.v.f.FreeMarkerConfigurer         : ClassTemplateLoader for Spring macros added to FreeMarker configuration
2019-06-25 14:09:57.808  INFO 6008 --- [restartedMain] o.s.b.d.a.OptionalLiveReloadServer       : LiveReload server is running on port 35729
2019-06-25 14:09:57.917  INFO 6008 --- [restartedMain] o.s.j.e.a.AnnotationMBeanExporter        : Registering beans for JMX exposure on startup
2019-06-25 14:09:57.969  INFO 6008 --- [restartedMain] s.b.c.e.t.TomcatEmbeddedServletContainer : Tomcat started on port(s): 8080 (http)
2019-06-25 14:09:57.973  INFO 6008 --- [restartedMain] com.CcApplication                        : Started CcApplication in 4.531 seconds (JVM running for 39.538)
2019-06-25 14:10:37.867  INFO 6008 --- [http-nio-8080-exec-10] o.a.c.c.C.[Tomcat].[localhost].[/]       : Initializing Spring FrameworkServlet 'dispatcherServlet'
2019-06-25 14:10:37.868  INFO 6008 --- [http-nio-8080-exec-10] o.s.web.servlet.DispatcherServlet        : FrameworkServlet 'dispatcherServlet': initialization started
2019-06-25 14:10:37.876  INFO 6008 --- [http-nio-8080-exec-10] o.s.web.servlet.DispatcherServlet        : FrameworkServlet 'dispatcherServlet': initialization completed in 8 ms
2019-06-25 14:10:44.208  INFO 6008 --- [http-nio-8080-exec-2] org.jooq.Constants                       : 
                                      
@@@@@@@@@@@@@@@@@@@@@@@@@@@@@@@@@@@@@@
@@@@@@@@@@@@@@@@@@@@@@@@@@@@@@@@@@@@@@
@@@@@@@@@@@@@@@@  @@        @@@@@@@@@@
@@@@@@@@@@@@@@@@@@@@        @@@@@@@@@@
@@@@@@@@@@@@@@@@  @@  @@    @@@@@@@@@@
@@@@@@@@@@  @@@@  @@  @@    @@@@@@@@@@
@@@@@@@@@@        @@        @@@@@@@@@@
@@@@@@@@@@@@@@@@@@@@@@@@@@@@@@@@@@@@@@
@@@@@@@@@@@@@@@@@@@@@@@@@@@@@@@@@@@@@@
@@@@@@@@@@        @@        @@@@@@@@@@
@@@@@@@@@@    @@  @@  @@@@  @@@@@@@@@@
@@@@@@@@@@    @@  @@  @@@@  @@@@@@@@@@
@@@@@@@@@@        @@  @  @  @@@@@@@@@@
@@@@@@@@@@        @@        @@@@@@@@@@
@@@@@@@@@@@@@@@@@@@@@@@  @@@@@@@@@@@@@
@@@@@@@@@@@@@@@@@@@@@@@@@@@@@@@@@@@@@@
@@@@@@@@@@@@@@@@@@@@@@@@@@@@@@@@@@@@@@  Thank you for using jOOQ 3.9.6
                                      
2019-06-25 14:11:16.244  INFO 5340 --- [restartedMain] com.CcApplication                        : Starting CcApplication on WIN-JDOPIOPKF8K with PID 5340 (D:\c-cc\m-cc\target\classes started by Huynh in D:\c-cc\m-cc)
2019-06-25 14:11:16.246  INFO 5340 --- [restartedMain] com.CcApplication                        : No active profile set, falling back to default profiles: default
2019-06-25 14:11:17.264  INFO 5340 --- [restartedMain] ationConfigEmbeddedWebApplicationContext : Refreshing org.springframework.boot.context.embedded.AnnotationConfigEmbeddedWebApplicationContext@4ff59c87: startup date [Tue Jun 25 14:11:17 JST 2019]; root of context hierarchy
2019-06-25 14:11:20.594  INFO 5340 --- [restartedMain] s.b.c.e.t.TomcatEmbeddedServletContainer : Tomcat initialized with port(s): 8080 (http)
2019-06-25 14:11:20.608  INFO 5340 --- [restartedMain] o.apache.catalina.core.StandardService   : Starting service [Tomcat]
2019-06-25 14:11:20.609  INFO 5340 --- [restartedMain] org.apache.catalina.core.StandardEngine  : Starting Servlet Engine: Apache Tomcat/8.5.27
2019-06-25 14:11:20.770  INFO 5340 --- [localhost-startStop-1] o.a.c.c.C.[Tomcat].[localhost].[/]       : Initializing Spring embedded WebApplicationContext
2019-06-25 14:11:20.770  INFO 5340 --- [localhost-startStop-1] o.s.web.context.ContextLoader            : Root WebApplicationContext: initialization completed in 3506 ms
2019-06-25 14:11:21.005  INFO 5340 --- [localhost-startStop-1] o.s.b.w.servlet.ServletRegistrationBean  : Mapping servlet: 'dispatcherServlet' to [/]
2019-06-25 14:11:21.011  INFO 5340 --- [localhost-startStop-1] o.s.b.w.servlet.FilterRegistrationBean   : Mapping filter: 'characterEncodingFilter' to: [/*]
2019-06-25 14:11:21.011  INFO 5340 --- [localhost-startStop-1] o.s.b.w.servlet.FilterRegistrationBean   : Mapping filter: 'hiddenHttpMethodFilter' to: [/*]
2019-06-25 14:11:21.012  INFO 5340 --- [localhost-startStop-1] o.s.b.w.servlet.FilterRegistrationBean   : Mapping filter: 'httpPutFormContentFilter' to: [/*]
2019-06-25 14:11:21.012  INFO 5340 --- [localhost-startStop-1] o.s.b.w.servlet.FilterRegistrationBean   : Mapping filter: 'requestContextFilter' to: [/*]
2019-06-25 14:11:22.973  INFO 5340 --- [restartedMain] s.w.s.m.m.a.RequestMappingHandlerAdapter : Looking for @ControllerAdvice: org.springframework.boot.context.embedded.AnnotationConfigEmbeddedWebApplicationContext@4ff59c87: startup date [Tue Jun 25 14:11:17 JST 2019]; root of context hierarchy
2019-06-25 14:11:23.054  INFO 5340 --- [restartedMain] s.w.s.m.m.a.RequestMappingHandlerMapping : Mapped "{[/file/init],methods=[GET]}" onto public org.springframework.web.servlet.ModelAndView com.controller.FileController.go()
2019-06-25 14:11:23.058  INFO 5340 --- [restartedMain] s.w.s.m.m.a.RequestMappingHandlerMapping : Mapped "{[/file/getInfo],methods=[GET]}" onto public com.utils.AjaxJson com.controller.FileController.getInfoFile(javax.servlet.http.HttpServletRequest)
2019-06-25 14:11:23.059  INFO 5340 --- [restartedMain] s.w.s.m.m.a.RequestMappingHandlerMapping : Mapped "{[/file/fileUpload],methods=[POST]}" onto public com.utils.AjaxJson com.controller.FileController.fileUpload(org.springframework.web.multipart.MultipartFile[],javax.servlet.http.HttpSession)
2019-06-25 14:11:23.062  INFO 5340 --- [restartedMain] s.w.s.m.m.a.RequestMappingHandlerMapping : Mapped "{[/login/index],methods=[GET]}" onto public org.springframework.web.servlet.ModelAndView com.controller.LoginController.index()
2019-06-25 14:11:23.063  INFO 5340 --- [restartedMain] s.w.s.m.m.a.RequestMappingHandlerMapping : Mapped "{[/login/register],methods=[GET]}" onto public org.springframework.web.servlet.ModelAndView com.controller.LoginController.register()
2019-06-25 14:11:23.064  INFO 5340 --- [restartedMain] s.w.s.m.m.a.RequestMappingHandlerMapping : Mapped "{[/login/registered],methods=[POST]}" onto public com.utils.AjaxJson com.controller.LoginController.registered(java.lang.String,java.lang.String,java.lang.String,javax.servlet.http.HttpSession)
2019-06-25 14:11:23.065  INFO 5340 --- [restartedMain] s.w.s.m.m.a.RequestMappingHandlerMapping : Mapped "{[/login/success],methods=[GET]}" onto public org.springframework.web.servlet.ModelAndView com.controller.LoginController.success()
2019-06-25 14:11:23.065  INFO 5340 --- [restartedMain] s.w.s.m.m.a.RequestMappingHandlerMapping : Mapped "{[/login/getEmail],methods=[POST]}" onto public void com.controller.LoginController.getEmail(java.lang.String,javax.servlet.http.HttpSession)
2019-06-25 14:11:23.066  INFO 5340 --- [restartedMain] s.w.s.m.m.a.RequestMappingHandlerMapping : Mapped "{[/login/loginSubmit],methods=[POST]}" onto public com.utils.AjaxJson com.controller.LoginController.loginFlg(java.lang.String,java.lang.String,javax.servlet.http.HttpSession)
2019-06-25 14:11:23.066  INFO 5340 --- [restartedMain] s.w.s.m.m.a.RequestMappingHandlerMapping : Mapped "{[/login/showInfo],methods=[GET]}" onto public com.db.tables.pojos.MUsers com.controller.LoginController.showInfo(javax.servlet.http.HttpSession)
2019-06-25 14:11:23.068  INFO 5340 --- [restartedMain] s.w.s.m.m.a.RequestMappingHandlerMapping : Mapped "{[/page/getInfo],methods=[GET]}" onto public com.utils.AjaxJson com.controller.PageController.getInfo(int,int)
2019-06-25 14:11:23.069  INFO 5340 --- [restartedMain] s.w.s.m.m.a.RequestMappingHandlerMapping : Mapped "{[/page/goPage],methods=[GET]}" onto public org.springframework.web.servlet.ModelAndView com.controller.PageController.goPage()
2019-06-25 14:11:23.074  INFO 5340 --- [restartedMain] s.w.s.m.m.a.RequestMappingHandlerMapping : Mapped "{[/index11],methods=[GET]}" onto public int com.controller.TestController.count()
2019-06-25 14:11:23.074  INFO 5340 --- [restartedMain] s.w.s.m.m.a.RequestMappingHandlerMapping : Mapped "{[/index21],methods=[GET]}" onto public java.lang.String com.controller.TestController.test()
2019-06-25 14:11:23.075  INFO 5340 --- [restartedMain] s.w.s.m.m.a.RequestMappingHandlerMapping : Mapped "{[/index4],methods=[GET]}" onto public com.db.tables.pojos.MUsers com.controller.TestController.test4()
2019-06-25 14:11:23.075  INFO 5340 --- [restartedMain] s.w.s.m.m.a.RequestMappingHandlerMapping : Mapped "{[/index31],methods=[GET]}" onto public org.springframework.web.servlet.ModelAndView com.controller.TestController.test3()
2019-06-25 14:11:23.078  INFO 5340 --- [restartedMain] s.w.s.m.m.a.RequestMappingHandlerMapping : Mapped "{[/error]}" onto public org.springframework.http.ResponseEntity<java.util.Map<java.lang.String, java.lang.Object>> org.springframework.boot.autoconfigure.web.BasicErrorController.error(javax.servlet.http.HttpServletRequest)
2019-06-25 14:11:23.079  INFO 5340 --- [restartedMain] s.w.s.m.m.a.RequestMappingHandlerMapping : Mapped "{[/error],produces=[text/html]}" onto public org.springframework.web.servlet.ModelAndView org.springframework.boot.autoconfigure.web.BasicErrorController.errorHtml(javax.servlet.http.HttpServletRequest,javax.servlet.http.HttpServletResponse)
2019-06-25 14:11:23.124  INFO 5340 --- [restartedMain] o.s.w.s.handler.SimpleUrlHandlerMapping  : Mapped URL path [/pic/**] onto handler of type [class org.springframework.web.servlet.resource.ResourceHttpRequestHandler]
2019-06-25 14:11:23.125  INFO 5340 --- [restartedMain] o.s.w.s.handler.SimpleUrlHandlerMapping  : Mapped URL path [/webjars/**] onto handler of type [class org.springframework.web.servlet.resource.ResourceHttpRequestHandler]
2019-06-25 14:11:23.125  INFO 5340 --- [restartedMain] o.s.w.s.handler.SimpleUrlHandlerMapping  : Mapped URL path [/**] onto handler of type [class org.springframework.web.servlet.resource.ResourceHttpRequestHandler]
2019-06-25 14:11:23.181  INFO 5340 --- [restartedMain] o.s.w.s.handler.SimpleUrlHandlerMapping  : Mapped URL path [/**/favicon.ico] onto handler of type [class org.springframework.web.servlet.resource.ResourceHttpRequestHandler]
2019-06-25 14:11:23.274  INFO 5340 --- [restartedMain] oConfiguration$WelcomePageHandlerMapping : Adding welcome page: class path resource [static/index.html]
2019-06-25 14:11:23.454  INFO 5340 --- [restartedMain] o.s.w.s.v.f.FreeMarkerConfigurer         : ClassTemplateLoader for Spring macros added to FreeMarker configuration
2019-06-25 14:11:23.691  INFO 5340 --- [restartedMain] o.s.b.d.a.OptionalLiveReloadServer       : LiveReload server is running on port 35729
2019-06-25 14:11:23.820  INFO 5340 --- [restartedMain] o.s.j.e.a.AnnotationMBeanExporter        : Registering beans for JMX exposure on startup
2019-06-25 14:11:23.896  INFO 5340 --- [restartedMain] s.b.c.e.t.TomcatEmbeddedServletContainer : Tomcat started on port(s): 8080 (http)
2019-06-25 14:11:23.904  INFO 5340 --- [restartedMain] com.CcApplication                        : Started CcApplication in 8.699 seconds (JVM running for 11.203)
2019-06-25 14:11:27.131  INFO 5340 --- [http-nio-8080-exec-1] o.a.c.c.C.[Tomcat].[localhost].[/]       : Initializing Spring FrameworkServlet 'dispatcherServlet'
2019-06-25 14:11:27.131  INFO 5340 --- [http-nio-8080-exec-1] o.s.web.servlet.DispatcherServlet        : FrameworkServlet 'dispatcherServlet': initialization started
2019-06-25 14:11:27.172  INFO 5340 --- [http-nio-8080-exec-1] o.s.web.servlet.DispatcherServlet        : FrameworkServlet 'dispatcherServlet': initialization completed in 41 ms
2019-06-25 14:11:30.662  INFO 5340 --- [http-nio-8080-exec-10] org.jooq.Constants                       : 
                                      
@@@@@@@@@@@@@@@@@@@@@@@@@@@@@@@@@@@@@@
@@@@@@@@@@@@@@@@@@@@@@@@@@@@@@@@@@@@@@
@@@@@@@@@@@@@@@@  @@        @@@@@@@@@@
@@@@@@@@@@@@@@@@@@@@        @@@@@@@@@@
@@@@@@@@@@@@@@@@  @@  @@    @@@@@@@@@@
@@@@@@@@@@  @@@@  @@  @@    @@@@@@@@@@
@@@@@@@@@@        @@        @@@@@@@@@@
@@@@@@@@@@@@@@@@@@@@@@@@@@@@@@@@@@@@@@
@@@@@@@@@@@@@@@@@@@@@@@@@@@@@@@@@@@@@@
@@@@@@@@@@        @@        @@@@@@@@@@
@@@@@@@@@@    @@  @@  @@@@  @@@@@@@@@@
@@@@@@@@@@    @@  @@  @@@@  @@@@@@@@@@
@@@@@@@@@@        @@  @  @  @@@@@@@@@@
@@@@@@@@@@        @@        @@@@@@@@@@
@@@@@@@@@@@@@@@@@@@@@@@  @@@@@@@@@@@@@
@@@@@@@@@@@@@@@@@@@@@@@@@@@@@@@@@@@@@@
@@@@@@@@@@@@@@@@@@@@@@@@@@@@@@@@@@@@@@  Thank you for using jOOQ 3.9.6
                                      
